<?xml version="1.0" encoding="UTF-8"?>
<!-- Generated by org.testng.reporters.JUnitReportReporter -->
<testsuite hostname="DESKTOP-GQCN117" failures="0" tests="1" name="testCases.TC001" time="0.014" errors="0" timestamp="2022-09-05T10:49:35 IST" skipped="0">
  <testcase classname="testCases.TC001" name="tc001" time="0.014"/>
  <system-out/>
</testsuite> <!-- testCases.TC001 -->
